<?xml version="1.0" encoding="UTF-8"?>
<testng-results skipped="0" failed="0" ignored="0" total="1" passed="1">
  <reporter-output>
  </reporter-output>
  <suite name="Default suite" duration-ms="7834" started-at="2019-10-24T06:52:15Z" finished-at="2019-10-24T06:52:22Z">
    <groups>
    </groups>
    <test name="Default test" duration-ms="7834" started-at="2019-10-24T06:52:15Z" finished-at="2019-10-24T06:52:22Z">
      <class name="MyDemoPath.CaseStudy.FinalScenario">
        <test-method status="PASS" signature="startReportBeforeTest()[pri:0, instance:MyDemoPath.CaseStudy.FinalScenario@59f99ea]" name="startReportBeforeTest" duration-ms="7794" started-at="2019-10-24T06:52:15Z" finished-at="2019-10-24T06:52:22Z">
          <reporter-output>
          </reporter-output>
        </test-method> <!-- startReportBeforeTest -->
      </class> <!-- MyDemoPath.CaseStudy.FinalScenario -->
    </test> <!-- Default test -->
  </suite> <!-- Default suite -->
</testng-results>
